<?xml version="1.0" encoding="UTF-8"?>
<!-- Generated by org.testng.reporters.JUnitXMLReporter -->
<testsuite ignored="32" hostname="Mahams-MacBook-Air.local" failures="1" tests="4" name="LoginTESTon Chrome" time="135.142" errors="0" timestamp="24 May 2021 02:39:11 GMT">
  <testcase classname="testcasesNG.LeadTab_TestCases" name="LeadTab" time="28.087"/>
  <testcase classname="testcasesNG.LeadTab_TestCases" name="LeadTab_02" time="28.692"/>
  <testcase classname="testcasesNG.LeadTab_TestCases" name="LeadTab_03" time="36.22">
    <failure type="org.openqa.selenium.NoSuchElementException" message="no such element: Unable to locate element: {&amp;quot;method&amp;quot;:&amp;quot;xpath&amp;quot;,&amp;quot;selector&amp;quot;:&amp;quot;/html/body/div[1]/div[1]/div/div/nav/ul/li[5]/a&amp;quot;}
  (Session info: chrome=90.0.4430.212)
For documentation on this error, please visit: https://www.seleniumhq.org/exceptions/no_such_element.html
Build info: version: &amp;apos;3.141.59&amp;apos;, revision: &amp;apos;e82be7d358&amp;apos;, time: &amp;apos;2018-11-14T08:17:03&amp;apos;
System info: host: &amp;apos;Mahams-MacBook-Air.local&amp;apos;, ip: &amp;apos;2601:641:400:7b20:50e:f111:877e:1e1e%en0&amp;apos;, os.name: &amp;apos;Mac OS X&amp;apos;, os.arch: &amp;apos;x86_64&amp;apos;, os.version: &amp;apos;10.16&amp;apos;, java.version: &amp;apos;15.0.2&amp;apos;
Driver info: org.openqa.selenium.chrome.ChromeDriver
Capabilities {acceptInsecureCerts: false, browserName: chrome, browserVersion: 90.0.4430.212, chrome: {chromedriverVersion: 90.0.4430.24 (4c6d850f087da..., userDataDir: /var/folders/sp/rvfpvynn38x...}, goog:chromeOptions: {debuggerAddress: localhost:52599}, javascriptEnabled: true, networkConnectionEnabled: false, pageLoadStrategy: normal, platform: MAC, platformName: MAC, proxy: Proxy(), setWindowRect: true, strictFileInteractability: false, timeouts: {implicit: 0, pageLoad: 300000, script: 30000}, unhandledPromptBehavior: dismiss and notify, webauthn:extension:largeBlob: true, webauthn:virtualAuthenticators: true}
Session ID: 9f47cd98805706eccaa4d9d93e80dca7
*** Element info: {Using=xpath, value=/html/body/div[1]/div[1]/div/div/nav/ul/li[5]/a}">
      <![CDATA[org.openqa.selenium.NoSuchElementException: no such element: Unable to locate element: {"method":"xpath","selector":"/html/body/div[1]/div[1]/div/div/nav/ul/li[5]/a"}
  (Session info: chrome=90.0.4430.212)
For documentation on this error, please visit: https://www.seleniumhq.org/exceptions/no_such_element.html
Build info: version: '3.141.59', revision: 'e82be7d358', time: '2018-11-14T08:17:03'
System info: host: 'Mahams-MacBook-Air.local', ip: '2601:641:400:7b20:50e:f111:877e:1e1e%en0', os.name: 'Mac OS X', os.arch: 'x86_64', os.version: '10.16', java.version: '15.0.2'
Driver info: org.openqa.selenium.chrome.ChromeDriver
Capabilities {acceptInsecureCerts: false, browserName: chrome, browserVersion: 90.0.4430.212, chrome: {chromedriverVersion: 90.0.4430.24 (4c6d850f087da..., userDataDir: /var/folders/sp/rvfpvynn38x...}, goog:chromeOptions: {debuggerAddress: localhost:52599}, javascriptEnabled: true, networkConnectionEnabled: false, pageLoadStrategy: normal, platform: MAC, platformName: MAC, proxy: Proxy(), setWindowRect: true, strictFileInteractability: false, timeouts: {implicit: 0, pageLoad: 300000, script: 30000}, unhandledPromptBehavior: dismiss and notify, webauthn:extension:largeBlob: true, webauthn:virtualAuthenticators: true}
Session ID: 9f47cd98805706eccaa4d9d93e80dca7
*** Element info: {Using=xpath, value=/html/body/div[1]/div[1]/div/div/nav/ul/li[5]/a}
	at org.openqa.selenium.remote.http.W3CHttpResponseCodec.createException(W3CHttpResponseCodec.java:187)
	at org.openqa.selenium.remote.http.W3CHttpResponseCodec.decode(W3CHttpResponseCodec.java:122)
	at org.openqa.selenium.remote.http.W3CHttpResponseCodec.decode(W3CHttpResponseCodec.java:49)
	at org.openqa.selenium.remote.HttpCommandExecutor.execute(HttpCommandExecutor.java:158)
	at org.openqa.selenium.remote.service.DriverCommandExecutor.execute(DriverCommandExecutor.java:83)
	at org.openqa.selenium.remote.RemoteWebDriver.execute(RemoteWebDriver.java:552)
	at org.openqa.selenium.remote.RemoteWebDriver.findElement(RemoteWebDriver.java:323)
	at org.openqa.selenium.remote.RemoteWebDriver.findElementByXPath(RemoteWebDriver.java:428)
	at org.openqa.selenium.By$ByXPath.findElement(By.java:353)
	at org.openqa.selenium.remote.RemoteWebDriver.findElement(RemoteWebDriver.java:315)
	at org.openqa.selenium.support.pagefactory.DefaultElementLocator.findElement(DefaultElementLocator.java:69)
	at org.openqa.selenium.support.pagefactory.internal.LocatingElementHandler.invoke(LocatingElementHandler.java:38)
	at com.sun.proxy.$Proxy14.click(Unknown Source)
	at testcasesNG.LeadTab_TestCases.LeadTab_03(LeadTab_TestCases.java:210)
... Removed 30 stack frames]]>
    </failure>
  </testcase> <!-- LeadTab_03 -->
  <testcase classname="testcasesNG.LeadTab_TestCases" name="LeadTab_04" time="25.275"/>
  <testcase classname="base.BaseTest" name="@BeforeSuite Setup" time="0.0">
    <ignored/>
  </testcase> <!-- @BeforeSuite Setup -->
  <testcase classname="base.BaseTest" name="@BeforeSuite Setup" time="0.0">
    <ignored/>
  </testcase> <!-- @BeforeSuite Setup -->
  <testcase classname="base.BaseTest" name="@BeforeSuite Setup" time="0.0">
    <ignored/>
  </testcase> <!-- @BeforeSuite Setup -->
  <testcase classname="base.BaseTest" name="@BeforeSuite Setup" time="0.0">
    <ignored/>
  </testcase> <!-- @BeforeSuite Setup -->
  <testcase classname="testcasesNG.Login_TestCases" name="RememberMe" time="0.0">
    <ignored/>
  </testcase> <!-- RememberMe -->
  <testcase classname="testcasesNG.UserAccount_TestCases" name="CreatAccount" time="0.0">
    <ignored/>
  </testcase> <!-- CreatAccount -->
  <testcase classname="testcasesNG.Opportunities_TeseCases" name="OppoetunityPipelineReport" time="0.0">
    <ignored/>
  </testcase> <!-- OppoetunityPipelineReport -->
  <testcase classname="testcasesNG.UserMenu_TestCasses" name="Logout" time="0.0">
    <ignored/>
  </testcase> <!-- Logout -->
  <testcase classname="testcasesNG.UserAccount_TestCases" name="CreatNewView" time="0.0">
    <ignored/>
  </testcase> <!-- CreatNewView -->
  <testcase classname="testcasesNG.UserAccount_TestCases" name="MergeAccount" time="0.0">
    <ignored/>
  </testcase> <!-- MergeAccount -->
  <testcase classname="testcasesNG.Login_TestCases" name="VerifyLoginErrorMsg01" time="0.0">
    <ignored/>
  </testcase> <!-- VerifyLoginErrorMsg01 -->
  <testcase classname="testcasesNG.Opportunities_TeseCases" name="CreateNewOppo" time="0.0">
    <ignored/>
  </testcase> <!-- CreateNewOppo -->
  <testcase classname="testcasesNG.Login_TestCases" name="VerifyLoginErrorMsg02" time="0.0">
    <ignored/>
  </testcase> <!-- VerifyLoginErrorMsg02 -->
  <testcase classname="testcasesNG.UserMenu_TestCasses" name="MyProfile_03" time="0.0">
    <ignored/>
  </testcase> <!-- MyProfile_03 -->
  <testcase classname="testcasesNG.Opportunities_TeseCases" name="QuarterlySummaryReport" time="0.0">
    <ignored/>
  </testcase> <!-- QuarterlySummaryReport -->
  <testcase classname="testcasesNG.UserMenu_TestCasses" name="SelectUserMenu" time="0.0">
    <ignored/>
  </testcase> <!-- SelectUserMenu -->
  <testcase classname="testcasesNG.UserMenu_TestCasses" name="MyProfile_02" time="0.0">
    <ignored/>
  </testcase> <!-- MyProfile_02 -->
  <testcase classname="testcasesNG.UserMenu_TestCasses" name="MyProfile_01" time="0.0">
    <ignored/>
  </testcase> <!-- MyProfile_01 -->
  <testcase classname="testcasesNG.UserMenu_TestCasses" name="DeveloperConsole" time="0.0">
    <ignored/>
  </testcase> <!-- DeveloperConsole -->
  <testcase classname="testcasesNG.UserMenu_TestCasses" name="MySettings_04" time="0.0">
    <ignored/>
  </testcase> <!-- MySettings_04 -->
  <testcase classname="testcasesNG.UserMenu_TestCasses" name="MySettings_03" time="0.0">
    <ignored/>
  </testcase> <!-- MySettings_03 -->
  <testcase classname="testcasesNG.UserMenu_TestCasses" name="MySettings_02" time="0.0">
    <ignored/>
  </testcase> <!-- MySettings_02 -->
  <testcase classname="testcasesNG.UserAccount_TestCases" name="AccountReport" time="0.0">
    <ignored/>
  </testcase> <!-- AccountReport -->
  <testcase classname="testcasesNG.UserMenu_TestCasses" name="MySettings_01" time="0.0">
    <ignored/>
  </testcase> <!-- MySettings_01 -->
  <testcase classname="base.BaseTest" name="@AfterSuite tearDown" time="0.0">
    <ignored/>
  </testcase> <!-- @AfterSuite tearDown -->
  <testcase classname="base.BaseTest" name="@AfterSuite tearDown" time="0.0">
    <ignored/>
  </testcase> <!-- @AfterSuite tearDown -->
  <testcase classname="base.BaseTest" name="@AfterSuite tearDown" time="0.0">
    <ignored/>
  </testcase> <!-- @AfterSuite tearDown -->
  <testcase classname="base.BaseTest" name="@AfterSuite tearDown" time="0.0">
    <ignored/>
  </testcase> <!-- @AfterSuite tearDown -->
  <testcase classname="testcasesNG.Login_TestCases" name="ForgetPassword_A" time="0.0">
    <ignored/>
  </testcase> <!-- ForgetPassword_A -->
  <testcase classname="testcasesNG.Login_TestCases" name="ForgetPassword_B" time="0.0">
    <ignored/>
  </testcase> <!-- ForgetPassword_B -->
  <testcase classname="testcasesNG.Opportunities_TeseCases" name="OpportunitiesLink" time="0.0">
    <ignored/>
  </testcase> <!-- OpportunitiesLink -->
  <testcase classname="testcasesNG.Opportunities_TeseCases" name="StuckOppoReportLink" time="0.0">
    <ignored/>
  </testcase> <!-- StuckOppoReportLink -->
</testsuite> <!-- LoginTESTon Chrome -->
