<?xml version="1.0" encoding="UTF-8"?>
<!-- Generated by org.testng.reporters.JUnitReportReporter -->
<testsuite ignored="19" hostname="Mahams-MacBook-Air.local" failures="0" tests="5" name="testcasesNG.UserAccount_TestCases" time="113.554" errors="1" timestamp="23 May 2021 18:16:20 GMT" skipped="1">
  <testcase classname="testcasesNG.UserAccount_TestCases" name="CreatAccount" time="33.870"/>
  <testcase classname="testcasesNG.UserAccount_TestCases" name="AccountReport" time="4.043">
    <skipped/>
  </testcase> <!-- AccountReport -->
  <testcase classname="testcasesNG.UserAccount_TestCases" name="CloseReport" time="0.000">
    <error message="unexpected alert open: {Alert text : These records will be merged into one record using the selected values. Merging can&#039;t be undone. Proceed with the record merge?}
  (Session info: chrome=90.0.4430.212): These records will be merged into one record using the selected values. Merging can&#039;t be undone. Proceed with the record merge?
Build info: version: &#039;3.141.59&#039;, revision: &#039;e82be7d358&#039;, time: &#039;2018-11-14T08:17:03&#039;
System info: host: &#039;Mahams-MacBook-Air.local&#039;, ip: &#039;2601:641:400:7b20:0:0:0:6b8c%en0&#039;, os.name: &#039;Mac OS X&#039;, os.arch: &#039;x86_64&#039;, os.version: &#039;10.16&#039;, java.version: &#039;15.0.2&#039;
Driver info: org.openqa.selenium.chrome.ChromeDriver
Capabilities {acceptInsecureCerts: false, browserName: chrome, browserVersion: 90.0.4430.212, chrome: {chromedriverVersion: 90.0.4430.24 (4c6d850f087da..., userDataDir: /var/folders/sp/rvfpvynn38x...}, goog:chromeOptions: {debuggerAddress: localhost:49246}, javascriptEnabled: true, networkConnectionEnabled: false, pageLoadStrategy: normal, platform: MAC, platformName: MAC, proxy: Proxy(), setWindowRect: true, strictFileInteractability: false, timeouts: {implicit: 0, pageLoad: 300000, script: 30000}, unhandledPromptBehavior: dismiss and notify, webauthn:extension:largeBlob: true, webauthn:virtualAuthenticators: true}
Session ID: e472ad92a1c642559e2d4ddf2b466909" type="org.openqa.selenium.UnhandledAlertException">
      <![CDATA[org.openqa.selenium.UnhandledAlertException: unexpected alert open: {Alert text : These records will be merged into one record using the selected values. Merging can't be undone. Proceed with the record merge?}
  (Session info: chrome=90.0.4430.212): These records will be merged into one record using the selected values. Merging can't be undone. Proceed with the record merge?
Build info: version: '3.141.59', revision: 'e82be7d358', time: '2018-11-14T08:17:03'
System info: host: 'Mahams-MacBook-Air.local', ip: '2601:641:400:7b20:0:0:0:6b8c%en0', os.name: 'Mac OS X', os.arch: 'x86_64', os.version: '10.16', java.version: '15.0.2'
Driver info: org.openqa.selenium.chrome.ChromeDriver
Capabilities {acceptInsecureCerts: false, browserName: chrome, browserVersion: 90.0.4430.212, chrome: {chromedriverVersion: 90.0.4430.24 (4c6d850f087da..., userDataDir: /var/folders/sp/rvfpvynn38x...}, goog:chromeOptions: {debuggerAddress: localhost:49246}, javascriptEnabled: true, networkConnectionEnabled: false, pageLoadStrategy: normal, platform: MAC, platformName: MAC, proxy: Proxy(), setWindowRect: true, strictFileInteractability: false, timeouts: {implicit: 0, pageLoad: 300000, script: 30000}, unhandledPromptBehavior: dismiss and notify, webauthn:extension:largeBlob: true, webauthn:virtualAuthenticators: true}
Session ID: e472ad92a1c642559e2d4ddf2b466909
	at org.openqa.selenium.remote.http.W3CHttpResponseCodec.decode(W3CHttpResponseCodec.java:120)
	at org.openqa.selenium.remote.http.W3CHttpResponseCodec.decode(W3CHttpResponseCodec.java:49)
	at org.openqa.selenium.remote.HttpCommandExecutor.execute(HttpCommandExecutor.java:158)
	at org.openqa.selenium.remote.service.DriverCommandExecutor.execute(DriverCommandExecutor.java:83)
	at org.openqa.selenium.remote.RemoteWebDriver.execute(RemoteWebDriver.java:552)
	at org.openqa.selenium.remote.RemoteWebDriver.execute(RemoteWebDriver.java:609)
	at org.openqa.selenium.remote.RemoteWebDriver.close(RemoteWebDriver.java:442)
	at testcasesNG.UserAccount_TestCases.CloseReport(UserAccount_TestCases.java:25)
	at java.base/jdk.internal.reflect.NativeMethodAccessorImpl.invoke0(Native Method)
	at java.base/jdk.internal.reflect.NativeMethodAccessorImpl.invoke(NativeMethodAccessorImpl.java:64)
	at java.base/jdk.internal.reflect.DelegatingMethodAccessorImpl.invoke(DelegatingMethodAccessorImpl.java:43)
	at java.base/java.lang.reflect.Method.invoke(Method.java:564)
	at org.testng.internal.MethodInvocationHelper.invokeMethod(MethodInvocationHelper.java:104)
	at org.testng.internal.Invoker.invokeConfigurationMethod(Invoker.java:515)
	at org.testng.internal.Invoker.invokeConfigurations(Invoker.java:217)
	at org.testng.internal.Invoker.invokeMethod(Invoker.java:712)
	at org.testng.internal.Invoker.invokeTestMethod(Invoker.java:851)
	at org.testng.internal.Invoker.invokeTestMethods(Invoker.java:1177)
	at org.testng.internal.TestMethodWorker.invokeTestMethods(TestMethodWorker.java:129)
	at org.testng.internal.TestMethodWorker.run(TestMethodWorker.java:112)
	at org.testng.TestRunner.privateRun(TestRunner.java:756)
	at org.testng.TestRunner.run(TestRunner.java:610)
	at org.testng.SuiteRunner.runTest(SuiteRunner.java:387)
	at org.testng.SuiteRunner.runSequentially(SuiteRunner.java:382)
	at org.testng.SuiteRunner.privateRun(SuiteRunner.java:340)
	at org.testng.SuiteRunner.run(SuiteRunner.java:289)
	at org.testng.SuiteRunnerWorker.runSuite(SuiteRunnerWorker.java:52)
	at org.testng.SuiteRunnerWorker.run(SuiteRunnerWorker.java:86)
	at org.testng.TestNG.runSuitesSequentially(TestNG.java:1293)
	at org.testng.TestNG.runSuitesLocally(TestNG.java:1218)
	at org.testng.TestNG.runSuites(TestNG.java:1133)
	at org.testng.TestNG.run(TestNG.java:1104)
	at org.testng.remote.AbstractRemoteTestNG.run(AbstractRemoteTestNG.java:115)
	at org.testng.remote.RemoteTestNG.initAndRun(RemoteTestNG.java:251)
	at org.testng.remote.RemoteTestNG.main(RemoteTestNG.java:77)
]]>
    </error>
  </testcase> <!-- CloseReport -->
  <testcase classname="testcasesNG.UserAccount_TestCases" name="MergeAccount" time="46.864"/>
  <testcase classname="testcasesNG.UserAccount_TestCases" name="CreatNewView" time="28.777"/>
  <testcase classname="testcasesNG.Login_TestCases" name="VerifyLoginErrorMsg01">
    <skipped/>
  </testcase> <!-- VerifyLoginErrorMsg01 -->
  <testcase classname="testcasesNG.Login_TestCases" name="VerifyLoginErrorMsg02">
    <skipped/>
  </testcase> <!-- VerifyLoginErrorMsg02 -->
  <testcase classname="testcasesNG.Login_TestCases" name="ForgetPassword_A">
    <skipped/>
  </testcase> <!-- ForgetPassword_A -->
  <testcase classname="testcasesNG.Login_TestCases" name="RememberMe">
    <skipped/>
  </testcase> <!-- RememberMe -->
  <testcase classname="testcasesNG.Login_TestCases" name="ForgetPassword_B">
    <skipped/>
  </testcase> <!-- ForgetPassword_B -->
  <testcase classname="testcasesNG.UserMenu_TestCasses" name="MySettings_04">
    <skipped/>
  </testcase> <!-- MySettings_04 -->
  <testcase classname="testcasesNG.UserMenu_TestCasses" name="MySettings_03">
    <skipped/>
  </testcase> <!-- MySettings_03 -->
  <testcase classname="testcasesNG.UserMenu_TestCasses" name="MySettings_02">
    <skipped/>
  </testcase> <!-- MySettings_02 -->
  <testcase classname="testcasesNG.UserMenu_TestCasses" name="MySettings_01">
    <skipped/>
  </testcase> <!-- MySettings_01 -->
  <testcase classname="testcasesNG.UserMenu_TestCasses" name="MyProfile_03">
    <skipped/>
  </testcase> <!-- MyProfile_03 -->
  <testcase classname="testcasesNG.UserMenu_TestCasses" name="Logout">
    <skipped/>
  </testcase> <!-- Logout -->
  <testcase classname="testcasesNG.UserMenu_TestCasses" name="SelectUserMenu">
    <skipped/>
  </testcase> <!-- SelectUserMenu -->
  <testcase classname="testcasesNG.UserMenu_TestCasses" name="MyProfile_02">
    <skipped/>
  </testcase> <!-- MyProfile_02 -->
  <testcase classname="testcasesNG.UserMenu_TestCasses" name="MyProfile_01">
    <skipped/>
  </testcase> <!-- MyProfile_01 -->
  <testcase classname="testcasesNG.UserMenu_TestCasses" name="DeveloperConsole">
    <skipped/>
  </testcase> <!-- DeveloperConsole -->
  <testcase classname="base.BaseTest" name="Setup">
    <skipped/>
  </testcase> <!-- Setup -->
  <testcase classname="base.BaseTest" name="Setup">
    <skipped/>
  </testcase> <!-- Setup -->
  <testcase classname="base.BaseTest" name="tearDown">
    <skipped/>
  </testcase> <!-- tearDown -->
  <testcase classname="base.BaseTest" name="tearDown">
    <skipped/>
  </testcase> <!-- tearDown -->
</testsuite> <!-- testcasesNG.UserAccount_TestCases -->
