<?xml version="1.0" encoding="UTF-8"?>
<!-- Generated by org.testng.reporters.JUnitReportReporter -->
<testsuite ignored="32" hostname="Mahams-MacBook-Air.local" failures="0" tests="4" name="testcasesNG.LeadTab_TestCases" time="135.085" errors="1" timestamp="24 May 2021 02:39:12 GMT" skipped="0">
  <testcase classname="testcasesNG.LeadTab_TestCases" name="LeadTab_03" time="40.343">
    <error message="no such element: Unable to locate element: {&quot;method&quot;:&quot;xpath&quot;,&quot;selector&quot;:&quot;/html/body/div[1]/div[1]/div/div/nav/ul/li[5]/a&quot;}
  (Session info: chrome=90.0.4430.212)
For documentation on this error, please visit: https://www.seleniumhq.org/exceptions/no_such_element.html
Build info: version: &#039;3.141.59&#039;, revision: &#039;e82be7d358&#039;, time: &#039;2018-11-14T08:17:03&#039;
System info: host: &#039;Mahams-MacBook-Air.local&#039;, ip: &#039;2601:641:400:7b20:50e:f111:877e:1e1e%en0&#039;, os.name: &#039;Mac OS X&#039;, os.arch: &#039;x86_64&#039;, os.version: &#039;10.16&#039;, java.version: &#039;15.0.2&#039;
Driver info: org.openqa.selenium.chrome.ChromeDriver
Capabilities {acceptInsecureCerts: false, browserName: chrome, browserVersion: 90.0.4430.212, chrome: {chromedriverVersion: 90.0.4430.24 (4c6d850f087da..., userDataDir: /var/folders/sp/rvfpvynn38x...}, goog:chromeOptions: {debuggerAddress: localhost:52599}, javascriptEnabled: true, networkConnectionEnabled: false, pageLoadStrategy: normal, platform: MAC, platformName: MAC, proxy: Proxy(), setWindowRect: true, strictFileInteractability: false, timeouts: {implicit: 0, pageLoad: 300000, script: 30000}, unhandledPromptBehavior: dismiss and notify, webauthn:extension:largeBlob: true, webauthn:virtualAuthenticators: true}
Session ID: 9f47cd98805706eccaa4d9d93e80dca7
*** Element info: {Using=xpath, value=/html/body/div[1]/div[1]/div/div/nav/ul/li[5]/a}" type="org.openqa.selenium.NoSuchElementException">
      <![CDATA[org.openqa.selenium.NoSuchElementException: no such element: Unable to locate element: {"method":"xpath","selector":"/html/body/div[1]/div[1]/div/div/nav/ul/li[5]/a"}
  (Session info: chrome=90.0.4430.212)
For documentation on this error, please visit: https://www.seleniumhq.org/exceptions/no_such_element.html
Build info: version: '3.141.59', revision: 'e82be7d358', time: '2018-11-14T08:17:03'
System info: host: 'Mahams-MacBook-Air.local', ip: '2601:641:400:7b20:50e:f111:877e:1e1e%en0', os.name: 'Mac OS X', os.arch: 'x86_64', os.version: '10.16', java.version: '15.0.2'
Driver info: org.openqa.selenium.chrome.ChromeDriver
Capabilities {acceptInsecureCerts: false, browserName: chrome, browserVersion: 90.0.4430.212, chrome: {chromedriverVersion: 90.0.4430.24 (4c6d850f087da..., userDataDir: /var/folders/sp/rvfpvynn38x...}, goog:chromeOptions: {debuggerAddress: localhost:52599}, javascriptEnabled: true, networkConnectionEnabled: false, pageLoadStrategy: normal, platform: MAC, platformName: MAC, proxy: Proxy(), setWindowRect: true, strictFileInteractability: false, timeouts: {implicit: 0, pageLoad: 300000, script: 30000}, unhandledPromptBehavior: dismiss and notify, webauthn:extension:largeBlob: true, webauthn:virtualAuthenticators: true}
Session ID: 9f47cd98805706eccaa4d9d93e80dca7
*** Element info: {Using=xpath, value=/html/body/div[1]/div[1]/div/div/nav/ul/li[5]/a}
	at java.base/jdk.internal.reflect.NativeConstructorAccessorImpl.newInstance0(Native Method)
	at java.base/jdk.internal.reflect.NativeConstructorAccessorImpl.newInstance(NativeConstructorAccessorImpl.java:64)
	at java.base/jdk.internal.reflect.DelegatingConstructorAccessorImpl.newInstance(DelegatingConstructorAccessorImpl.java:45)
	at java.base/java.lang.reflect.Constructor.newInstanceWithCaller(Constructor.java:500)
	at java.base/java.lang.reflect.Constructor.newInstance(Constructor.java:481)
	at org.openqa.selenium.remote.http.W3CHttpResponseCodec.createException(W3CHttpResponseCodec.java:187)
	at org.openqa.selenium.remote.http.W3CHttpResponseCodec.decode(W3CHttpResponseCodec.java:122)
	at org.openqa.selenium.remote.http.W3CHttpResponseCodec.decode(W3CHttpResponseCodec.java:49)
	at org.openqa.selenium.remote.HttpCommandExecutor.execute(HttpCommandExecutor.java:158)
	at org.openqa.selenium.remote.service.DriverCommandExecutor.execute(DriverCommandExecutor.java:83)
	at org.openqa.selenium.remote.RemoteWebDriver.execute(RemoteWebDriver.java:552)
	at org.openqa.selenium.remote.RemoteWebDriver.findElement(RemoteWebDriver.java:323)
	at org.openqa.selenium.remote.RemoteWebDriver.findElementByXPath(RemoteWebDriver.java:428)
	at org.openqa.selenium.By$ByXPath.findElement(By.java:353)
	at org.openqa.selenium.remote.RemoteWebDriver.findElement(RemoteWebDriver.java:315)
	at org.openqa.selenium.support.pagefactory.DefaultElementLocator.findElement(DefaultElementLocator.java:69)
	at org.openqa.selenium.support.pagefactory.internal.LocatingElementHandler.invoke(LocatingElementHandler.java:38)
	at com.sun.proxy.$Proxy14.click(Unknown Source)
	at testcasesNG.LeadTab_TestCases.LeadTab_03(LeadTab_TestCases.java:210)
	at java.base/jdk.internal.reflect.NativeMethodAccessorImpl.invoke0(Native Method)
	at java.base/jdk.internal.reflect.NativeMethodAccessorImpl.invoke(NativeMethodAccessorImpl.java:64)
	at java.base/jdk.internal.reflect.DelegatingMethodAccessorImpl.invoke(DelegatingMethodAccessorImpl.java:43)
	at java.base/java.lang.reflect.Method.invoke(Method.java:564)
	at org.testng.internal.MethodInvocationHelper.invokeMethod(MethodInvocationHelper.java:104)
	at org.testng.internal.Invoker.invokeMethod(Invoker.java:645)
	at org.testng.internal.Invoker.invokeTestMethod(Invoker.java:851)
	at org.testng.internal.Invoker.invokeTestMethods(Invoker.java:1177)
	at org.testng.internal.TestMethodWorker.invokeTestMethods(TestMethodWorker.java:129)
	at org.testng.internal.TestMethodWorker.run(TestMethodWorker.java:112)
	at org.testng.TestRunner.privateRun(TestRunner.java:756)
	at org.testng.TestRunner.run(TestRunner.java:610)
	at org.testng.SuiteRunner.runTest(SuiteRunner.java:387)
	at org.testng.SuiteRunner.runSequentially(SuiteRunner.java:382)
	at org.testng.SuiteRunner.privateRun(SuiteRunner.java:340)
	at org.testng.SuiteRunner.run(SuiteRunner.java:289)
	at org.testng.SuiteRunnerWorker.runSuite(SuiteRunnerWorker.java:52)
	at org.testng.SuiteRunnerWorker.run(SuiteRunnerWorker.java:86)
	at org.testng.TestNG.runSuitesSequentially(TestNG.java:1293)
	at org.testng.TestNG.runSuitesLocally(TestNG.java:1218)
	at org.testng.TestNG.runSuites(TestNG.java:1133)
	at org.testng.TestNG.run(TestNG.java:1104)
	at org.testng.remote.AbstractRemoteTestNG.run(AbstractRemoteTestNG.java:115)
	at org.testng.remote.RemoteTestNG.initAndRun(RemoteTestNG.java:251)
	at org.testng.remote.RemoteTestNG.main(RemoteTestNG.java:77)
]]>
    </error>
  </testcase> <!-- LeadTab_03 -->
  <testcase classname="testcasesNG.LeadTab_TestCases" name="LeadTab_04" time="29.493"/>
  <testcase classname="testcasesNG.LeadTab_TestCases" name="LeadTab" time="32.303"/>
  <testcase classname="testcasesNG.LeadTab_TestCases" name="LeadTab_02" time="32.946"/>
  <testcase classname="testcasesNG.Opportunities_TeseCases" name="CreateNewOppo">
    <skipped/>
  </testcase> <!-- CreateNewOppo -->
  <testcase classname="testcasesNG.Opportunities_TeseCases" name="QuarterlySummaryReport">
    <skipped/>
  </testcase> <!-- QuarterlySummaryReport -->
  <testcase classname="testcasesNG.Opportunities_TeseCases" name="OpportunitiesLink">
    <skipped/>
  </testcase> <!-- OpportunitiesLink -->
  <testcase classname="testcasesNG.Opportunities_TeseCases" name="OppoetunityPipelineReport">
    <skipped/>
  </testcase> <!-- OppoetunityPipelineReport -->
  <testcase classname="testcasesNG.Opportunities_TeseCases" name="StuckOppoReportLink">
    <skipped/>
  </testcase> <!-- StuckOppoReportLink -->
  <testcase classname="testcasesNG.Login_TestCases" name="VerifyLoginErrorMsg01">
    <skipped/>
  </testcase> <!-- VerifyLoginErrorMsg01 -->
  <testcase classname="testcasesNG.Login_TestCases" name="VerifyLoginErrorMsg02">
    <skipped/>
  </testcase> <!-- VerifyLoginErrorMsg02 -->
  <testcase classname="testcasesNG.Login_TestCases" name="ForgetPassword_A">
    <skipped/>
  </testcase> <!-- ForgetPassword_A -->
  <testcase classname="testcasesNG.Login_TestCases" name="RememberMe">
    <skipped/>
  </testcase> <!-- RememberMe -->
  <testcase classname="testcasesNG.Login_TestCases" name="ForgetPassword_B">
    <skipped/>
  </testcase> <!-- ForgetPassword_B -->
  <testcase classname="testcasesNG.UserAccount_TestCases" name="AccountReport">
    <skipped/>
  </testcase> <!-- AccountReport -->
  <testcase classname="testcasesNG.UserAccount_TestCases" name="MergeAccount">
    <skipped/>
  </testcase> <!-- MergeAccount -->
  <testcase classname="testcasesNG.UserAccount_TestCases" name="CreatNewView">
    <skipped/>
  </testcase> <!-- CreatNewView -->
  <testcase classname="testcasesNG.UserAccount_TestCases" name="CreatAccount">
    <skipped/>
  </testcase> <!-- CreatAccount -->
  <testcase classname="testcasesNG.UserMenu_TestCasses" name="MySettings_04">
    <skipped/>
  </testcase> <!-- MySettings_04 -->
  <testcase classname="testcasesNG.UserMenu_TestCasses" name="MySettings_03">
    <skipped/>
  </testcase> <!-- MySettings_03 -->
  <testcase classname="testcasesNG.UserMenu_TestCasses" name="MySettings_02">
    <skipped/>
  </testcase> <!-- MySettings_02 -->
  <testcase classname="testcasesNG.UserMenu_TestCasses" name="MySettings_01">
    <skipped/>
  </testcase> <!-- MySettings_01 -->
  <testcase classname="testcasesNG.UserMenu_TestCasses" name="Logout">
    <skipped/>
  </testcase> <!-- Logout -->
  <testcase classname="testcasesNG.UserMenu_TestCasses" name="MyProfile_03">
    <skipped/>
  </testcase> <!-- MyProfile_03 -->
  <testcase classname="testcasesNG.UserMenu_TestCasses" name="SelectUserMenu">
    <skipped/>
  </testcase> <!-- SelectUserMenu -->
  <testcase classname="testcasesNG.UserMenu_TestCasses" name="MyProfile_02">
    <skipped/>
  </testcase> <!-- MyProfile_02 -->
  <testcase classname="testcasesNG.UserMenu_TestCasses" name="MyProfile_01">
    <skipped/>
  </testcase> <!-- MyProfile_01 -->
  <testcase classname="testcasesNG.UserMenu_TestCasses" name="DeveloperConsole">
    <skipped/>
  </testcase> <!-- DeveloperConsole -->
  <testcase classname="base.BaseTest" name="Setup">
    <skipped/>
  </testcase> <!-- Setup -->
  <testcase classname="base.BaseTest" name="Setup">
    <skipped/>
  </testcase> <!-- Setup -->
  <testcase classname="base.BaseTest" name="Setup">
    <skipped/>
  </testcase> <!-- Setup -->
  <testcase classname="base.BaseTest" name="Setup">
    <skipped/>
  </testcase> <!-- Setup -->
  <testcase classname="base.BaseTest" name="tearDown">
    <skipped/>
  </testcase> <!-- tearDown -->
  <testcase classname="base.BaseTest" name="tearDown">
    <skipped/>
  </testcase> <!-- tearDown -->
  <testcase classname="base.BaseTest" name="tearDown">
    <skipped/>
  </testcase> <!-- tearDown -->
  <testcase classname="base.BaseTest" name="tearDown">
    <skipped/>
  </testcase> <!-- tearDown -->
</testsuite> <!-- testcasesNG.LeadTab_TestCases -->
